
///////////////////////////////////
// Efinity Synthesis Started 
// Mar 30, 2024 17:42:55
///////////////////////////////////


///////////////////////////////////
// Efinity Synthesis Started 
// Mar 30, 2024 17:43:19
///////////////////////////////////


///////////////////////////////////
// Efinity Synthesis Started 
// Mar 30, 2024 18:16:44
///////////////////////////////////


///////////////////////////////////
// Efinity Synthesis Started 
// Mar 30, 2024 18:17:08
///////////////////////////////////


///////////////////////////////////
// Efinity Synthesis Started 
// Apr 03, 2024 15:41:43
///////////////////////////////////


///////////////////////////////////
// Efinity Synthesis Started 
// Apr 03, 2024 15:42:10
///////////////////////////////////


///////////////////////////////////
// Efinity Synthesis Started 
// Apr 03, 2024 16:00:50
///////////////////////////////////


///////////////////////////////////
// Efinity Synthesis Started 
// Apr 03, 2024 16:01:23
///////////////////////////////////


///////////////////////////////////
// Efinity Synthesis Started 
// Apr 03, 2024 16:27:12
///////////////////////////////////


///////////////////////////////////
// Efinity Synthesis Started 
// Apr 03, 2024 16:27:45
///////////////////////////////////


///////////////////////////////////
// Efinity Synthesis Started 
// Apr 03, 2024 17:15:25
///////////////////////////////////


///////////////////////////////////
// Efinity Synthesis Started 
// Apr 03, 2024 17:15:59
///////////////////////////////////


///////////////////////////////////
// Efinity Synthesis Started 
// Apr 04, 2024 11:19:07
///////////////////////////////////


///////////////////////////////////
// Efinity Synthesis Started 
// Apr 04, 2024 14:39:59
///////////////////////////////////


///////////////////////////////////
// Efinity Synthesis Started 
// Apr 04, 2024 14:41:13
///////////////////////////////////


///////////////////////////////////
// Efinity Synthesis Started 
// Apr 04, 2024 14:45:47
///////////////////////////////////


///////////////////////////////////
// Efinity Synthesis Started 
// Apr 04, 2024 14:46:56
///////////////////////////////////


///////////////////////////////////
// Efinity Synthesis Started 
// Apr 04, 2024 16:14:49
///////////////////////////////////


///////////////////////////////////
// Efinity Synthesis Started 
// Apr 04, 2024 16:22:00
///////////////////////////////////


///////////////////////////////////
// Efinity Synthesis Started 
// Apr 04, 2024 16:24:11
///////////////////////////////////


///////////////////////////////////
// Efinity Synthesis Started 
// Apr 04, 2024 17:18:57
///////////////////////////////////


///////////////////////////////////
// Efinity Synthesis Started 
// Apr 04, 2024 17:20:46
///////////////////////////////////


///////////////////////////////////
// Efinity Synthesis Started 
// Apr 05, 2024 11:41:06
///////////////////////////////////


///////////////////////////////////
// Efinity Synthesis Started 
// Apr 05, 2024 11:43:08
///////////////////////////////////


///////////////////////////////////
// Efinity Synthesis Started 
// Apr 05, 2024 14:31:02
///////////////////////////////////


///////////////////////////////////
// Efinity Synthesis Started 
// Apr 05, 2024 14:32:59
///////////////////////////////////


///////////////////////////////////
// Efinity Synthesis Started 
// Apr 05, 2024 15:01:01
///////////////////////////////////


///////////////////////////////////
// Efinity Synthesis Started 
// Apr 05, 2024 15:02:38
///////////////////////////////////


///////////////////////////////////
// Efinity Synthesis Started 
// Apr 05, 2024 16:24:14
///////////////////////////////////


///////////////////////////////////
// Efinity Synthesis Started 
// Apr 05, 2024 16:26:28
///////////////////////////////////


///////////////////////////////////
// Efinity Synthesis Started 
// Apr 05, 2024 16:54:50
///////////////////////////////////


///////////////////////////////////
// Efinity Synthesis Started 
// Apr 05, 2024 16:56:35
///////////////////////////////////


///////////////////////////////////
// Efinity Synthesis Started 
// Apr 05, 2024 17:12:17
///////////////////////////////////


///////////////////////////////////
// Efinity Synthesis Started 
// Apr 05, 2024 17:14:08
///////////////////////////////////


///////////////////////////////////
// Efinity Synthesis Started 
// Apr 05, 2024 17:44:45
///////////////////////////////////


///////////////////////////////////
// Efinity Synthesis Started 
// Apr 05, 2024 17:46:30
///////////////////////////////////


///////////////////////////////////
// Efinity Synthesis Started 
// Apr 05, 2024 18:47:54
///////////////////////////////////


///////////////////////////////////
// Efinity Synthesis Started 
// Apr 05, 2024 18:49:45
///////////////////////////////////


///////////////////////////////////
// Efinity Synthesis Started 
// Apr 06, 2024 00:04:39
///////////////////////////////////


///////////////////////////////////
// Efinity Synthesis Started 
// Apr 06, 2024 00:06:58
///////////////////////////////////


///////////////////////////////////
// Efinity Synthesis Started 
// Apr 06, 2024 08:14:24
///////////////////////////////////


///////////////////////////////////
// Efinity Synthesis Started 
// Apr 06, 2024 08:15:44
///////////////////////////////////


///////////////////////////////////
// Efinity Synthesis Started 
// Apr 06, 2024 09:50:32
///////////////////////////////////


///////////////////////////////////
// Efinity Synthesis Started 
// Apr 06, 2024 09:51:43
///////////////////////////////////


///////////////////////////////////
// Efinity Synthesis Started 
// Apr 06, 2024 10:00:02
///////////////////////////////////


///////////////////////////////////
// Efinity Synthesis Started 
// Apr 06, 2024 10:02:08
///////////////////////////////////


///////////////////////////////////
// Efinity Synthesis Started 
// Apr 06, 2024 11:08:23
///////////////////////////////////


///////////////////////////////////
// Efinity Synthesis Started 
// Apr 06, 2024 11:10:20
///////////////////////////////////


///////////////////////////////////
// Efinity Synthesis Started 
// Apr 06, 2024 11:57:18
///////////////////////////////////


///////////////////////////////////
// Efinity Synthesis Started 
// Apr 06, 2024 11:59:56
///////////////////////////////////


///////////////////////////////////
// Efinity Synthesis Started 
// Apr 06, 2024 12:02:20
///////////////////////////////////


///////////////////////////////////
// Efinity Synthesis Started 
// Apr 06, 2024 12:19:29
///////////////////////////////////


///////////////////////////////////
// Efinity Synthesis Started 
// Apr 06, 2024 12:21:33
///////////////////////////////////


///////////////////////////////////
// Efinity Synthesis Started 
// Apr 06, 2024 12:57:11
///////////////////////////////////


///////////////////////////////////
// Efinity Synthesis Started 
// Apr 06, 2024 13:00:04
///////////////////////////////////


///////////////////////////////////
// Efinity Synthesis Started 
// Apr 06, 2024 14:25:27
///////////////////////////////////


///////////////////////////////////
// Efinity Synthesis Started 
// Apr 06, 2024 14:29:12
///////////////////////////////////


///////////////////////////////////
// Efinity Synthesis Started 
// Apr 06, 2024 15:24:44
///////////////////////////////////


///////////////////////////////////
// Efinity Synthesis Started 
// Apr 06, 2024 15:27:40
///////////////////////////////////


///////////////////////////////////
// Efinity Synthesis Started 
// Apr 06, 2024 15:47:12
///////////////////////////////////


///////////////////////////////////
// Efinity Synthesis Started 
// Apr 06, 2024 15:50:58
///////////////////////////////////


///////////////////////////////////
// Efinity Synthesis Started 
// Apr 06, 2024 16:16:23
///////////////////////////////////


///////////////////////////////////
// Efinity Synthesis Started 
// Apr 06, 2024 16:19:35
///////////////////////////////////


///////////////////////////////////
// Efinity Synthesis Started 
// Apr 07, 2024 23:42:13
///////////////////////////////////


///////////////////////////////////
// Efinity Synthesis Started 
// Apr 07, 2024 23:53:38
///////////////////////////////////

[EFX-0210 ERROR] No Top design.

///////////////////////////////////
// Efinity Synthesis Started 
// Apr 07, 2024 23:59:51
///////////////////////////////////


///////////////////////////////////
// Efinity Synthesis Started 
// Apr 08, 2024 00:02:24
///////////////////////////////////


///////////////////////////////////
// Efinity Synthesis Started 
// Apr 08, 2024 10:23:31
///////////////////////////////////


///////////////////////////////////
// Efinity Synthesis Started 
// Apr 08, 2024 10:26:03
///////////////////////////////////


///////////////////////////////////
// Efinity Synthesis Started 
// Apr 08, 2024 12:22:14
///////////////////////////////////


///////////////////////////////////
// Efinity Synthesis Started 
// Apr 08, 2024 12:24:29
///////////////////////////////////


///////////////////////////////////
// Efinity Synthesis Started 
// Apr 08, 2024 14:29:25
///////////////////////////////////


///////////////////////////////////
// Efinity Synthesis Started 
// Apr 08, 2024 14:31:40
///////////////////////////////////


///////////////////////////////////
// Efinity Synthesis Started 
// Apr 08, 2024 15:35:14
///////////////////////////////////


///////////////////////////////////
// Efinity Synthesis Started 
// Apr 08, 2024 15:37:17
///////////////////////////////////


///////////////////////////////////
// Efinity Synthesis Started 
// Apr 08, 2024 17:02:48
///////////////////////////////////


///////////////////////////////////
// Efinity Synthesis Started 
// Apr 08, 2024 17:04:50
///////////////////////////////////


///////////////////////////////////
// Efinity Synthesis Started 
// Apr 08, 2024 17:39:26
///////////////////////////////////


///////////////////////////////////
// Efinity Synthesis Started 
// Apr 08, 2024 17:41:23
///////////////////////////////////


///////////////////////////////////
// Efinity Synthesis Started 
// Apr 08, 2024 18:28:56
///////////////////////////////////


///////////////////////////////////
// Efinity Synthesis Started 
// Apr 08, 2024 18:30:58
///////////////////////////////////


///////////////////////////////////
// Efinity Synthesis Started 
// Apr 08, 2024 18:45:15
///////////////////////////////////


///////////////////////////////////
// Efinity Synthesis Started 
// Apr 08, 2024 18:47:13
///////////////////////////////////


///////////////////////////////////
// Efinity Synthesis Started 
// Apr 09, 2024 09:25:18
///////////////////////////////////


///////////////////////////////////
// Efinity Synthesis Started 
// Apr 09, 2024 09:28:07
///////////////////////////////////


///////////////////////////////////
// Efinity Synthesis Started 
// Apr 09, 2024 10:18:32
///////////////////////////////////


///////////////////////////////////
// Efinity Synthesis Started 
// Apr 09, 2024 10:24:07
///////////////////////////////////


///////////////////////////////////
// Efinity Synthesis Started 
// Apr 09, 2024 14:22:20
///////////////////////////////////


///////////////////////////////////
// Efinity Synthesis Started 
// Apr 09, 2024 14:24:11
///////////////////////////////////


///////////////////////////////////
// Efinity Synthesis Started 
// Apr 09, 2024 15:39:17
///////////////////////////////////


///////////////////////////////////
// Efinity Synthesis Started 
// Apr 09, 2024 15:41:02
///////////////////////////////////


///////////////////////////////////
// Efinity Synthesis Started 
// Apr 09, 2024 16:04:13
///////////////////////////////////


///////////////////////////////////
// Efinity Synthesis Started 
// Apr 09, 2024 16:05:58
///////////////////////////////////


///////////////////////////////////
// Efinity Synthesis Started 
// Apr 09, 2024 16:32:06
///////////////////////////////////


///////////////////////////////////
// Efinity Synthesis Started 
// Apr 09, 2024 16:33:58
///////////////////////////////////


///////////////////////////////////
// Efinity Synthesis Started 
// Apr 09, 2024 16:55:28
///////////////////////////////////


///////////////////////////////////
// Efinity Synthesis Started 
// Apr 09, 2024 16:57:25
///////////////////////////////////


///////////////////////////////////
// Efinity Synthesis Started 
// Apr 09, 2024 17:25:52
///////////////////////////////////


///////////////////////////////////
// Efinity Synthesis Started 
// Apr 09, 2024 17:27:32
///////////////////////////////////


///////////////////////////////////
// Efinity Synthesis Started 
// Apr 09, 2024 17:47:36
///////////////////////////////////


///////////////////////////////////
// Efinity Synthesis Started 
// Apr 09, 2024 17:49:18
///////////////////////////////////


///////////////////////////////////
// Efinity Synthesis Started 
// Apr 22, 2024 09:33:45
///////////////////////////////////


///////////////////////////////////
// Efinity Synthesis Started 
// Apr 22, 2024 09:35:59
///////////////////////////////////

[EFX-0210 ERROR] No Top design.

///////////////////////////////////
// Efinity Synthesis Started 
// Apr 22, 2024 09:39:11
///////////////////////////////////


///////////////////////////////////
// Efinity Synthesis Started 
// Apr 22, 2024 09:40:49
///////////////////////////////////


///////////////////////////////////
// Efinity Synthesis Started 
// Apr 22, 2024 12:08:20
///////////////////////////////////


///////////////////////////////////
// Efinity Synthesis Started 
// Apr 22, 2024 12:12:44
///////////////////////////////////

[EFX-0377 ERROR] Clock port 'CLK' of instance 'edb_top_inst/la3/la_resetn_p1~FF' is constant. (C:/Users/Dell/Downloads/periplex_design_5_write_read/periplex_design_5_write_read/work_dbg/debug_top.v:4456)

///////////////////////////////////
// Efinity Synthesis Started 
// Apr 22, 2024 12:21:25
///////////////////////////////////


///////////////////////////////////
// Efinity Synthesis Started 
// Apr 22, 2024 12:25:33
///////////////////////////////////

[EFX-0377 ERROR] Clock port 'CLK' of instance 'edb_top_inst/la3/la_resetn_p1~FF' is constant. (C:/Users/Dell/Downloads/periplex_design_5_write_read/periplex_design_5_write_read/work_dbg/debug_top.v:4456)

///////////////////////////////////
// Efinity Synthesis Started 
// Apr 22, 2024 12:39:59
///////////////////////////////////


///////////////////////////////////
// Efinity Synthesis Started 
// Apr 22, 2024 12:44:13
///////////////////////////////////


///////////////////////////////////
// Efinity Synthesis Started 
// Apr 22, 2024 12:51:27
///////////////////////////////////


///////////////////////////////////
// Efinity Synthesis Started 
// Apr 22, 2024 12:55:22
///////////////////////////////////


///////////////////////////////////
// Efinity Synthesis Started 
// Apr 22, 2024 14:24:28
///////////////////////////////////


///////////////////////////////////
// Efinity Synthesis Started 
// Apr 22, 2024 14:28:25
///////////////////////////////////


///////////////////////////////////
// Efinity Synthesis Started 
// Apr 22, 2024 14:42:32
///////////////////////////////////


///////////////////////////////////
// Efinity Synthesis Started 
// Apr 22, 2024 14:46:32
///////////////////////////////////

[EFX-0210 ERROR] No Top design.

///////////////////////////////////
// Efinity Synthesis Started 
// Apr 22, 2024 14:47:36
///////////////////////////////////


///////////////////////////////////
// Efinity Synthesis Started 
// Apr 22, 2024 14:51:27
///////////////////////////////////


///////////////////////////////////
// Efinity Synthesis Started 
// Apr 22, 2024 17:30:13
///////////////////////////////////


///////////////////////////////////
// Efinity Synthesis Started 
// Apr 22, 2024 17:53:55
///////////////////////////////////


///////////////////////////////////
// Efinity Synthesis Started 
// Apr 22, 2024 17:56:43
///////////////////////////////////


///////////////////////////////////
// Efinity Synthesis Started 
// Apr 23, 2024 09:29:05
///////////////////////////////////


///////////////////////////////////
// Efinity Synthesis Started 
// Apr 23, 2024 09:33:57
///////////////////////////////////


///////////////////////////////////
// Efinity Synthesis Started 
// Apr 23, 2024 09:38:27
///////////////////////////////////


///////////////////////////////////
// Efinity Synthesis Started 
// Apr 23, 2024 10:28:10
///////////////////////////////////


///////////////////////////////////
// Efinity Synthesis Started 
// Apr 23, 2024 10:33:43
///////////////////////////////////


///////////////////////////////////
// Efinity Synthesis Started 
// Apr 23, 2024 17:12:14
///////////////////////////////////


///////////////////////////////////
// Efinity Synthesis Started 
// Apr 23, 2024 17:49:35
///////////////////////////////////


///////////////////////////////////
// Efinity Synthesis Started 
// Apr 23, 2024 17:57:55
///////////////////////////////////


///////////////////////////////////
// Efinity Synthesis Started 
// Apr 23, 2024 18:01:40
///////////////////////////////////

[EFX-0210 ERROR] No Top design.

///////////////////////////////////
// Efinity Synthesis Started 
// Apr 23, 2024 19:01:20
///////////////////////////////////


///////////////////////////////////
// Efinity Synthesis Started 
// Apr 23, 2024 19:02:19
///////////////////////////////////


///////////////////////////////////
// Efinity Synthesis Started 
// Apr 23, 2024 19:05:50
///////////////////////////////////

[EFX-0101 ERROR] RUSHC IOs mapping failed (illegal pre-synthesis of tri-state elements: pp/i145 output: la2_probe27[4]).

///////////////////////////////////
// Efinity Synthesis Started 
// Apr 24, 2024 00:13:07
///////////////////////////////////


///////////////////////////////////
// Efinity Synthesis Started 
// Apr 24, 2024 00:25:25
///////////////////////////////////

[EFX-0101 ERROR] RUSHC IOs mapping failed (illegal pre-synthesis of tri-state elements: pp/i78 output: la2_probe27[34]).

///////////////////////////////////
// Efinity Synthesis Started 
// Apr 24, 2024 09:18:02
///////////////////////////////////


///////////////////////////////////
// Efinity Synthesis Started 
// Apr 24, 2024 10:10:54
///////////////////////////////////


///////////////////////////////////
// Efinity Synthesis Started 
// Apr 24, 2024 10:18:41
///////////////////////////////////

[EFX-0101 ERROR] RUSHC IOs mapping failed (illegal pre-synthesis of tri-state elements: pp/i78 output: la2_probe39[34]).

///////////////////////////////////
// Efinity Synthesis Started 
// Apr 24, 2024 10:24:06
///////////////////////////////////


///////////////////////////////////
// Efinity Synthesis Started 
// Apr 24, 2024 10:28:10
///////////////////////////////////


///////////////////////////////////
// Efinity Synthesis Started 
// Apr 24, 2024 10:34:05
///////////////////////////////////


///////////////////////////////////
// Efinity Synthesis Started 
// Apr 24, 2024 15:12:05
///////////////////////////////////


///////////////////////////////////
// Efinity Synthesis Started 
// Apr 24, 2024 15:15:51
///////////////////////////////////


///////////////////////////////////
// Efinity Synthesis Started 
// Apr 24, 2024 16:41:27
///////////////////////////////////


///////////////////////////////////
// Efinity Synthesis Started 
// Apr 24, 2024 16:48:45
///////////////////////////////////


///////////////////////////////////
// Efinity Synthesis Started 
// Apr 24, 2024 17:23:48
///////////////////////////////////


///////////////////////////////////
// Efinity Synthesis Started 
// Apr 24, 2024 17:32:22
///////////////////////////////////


///////////////////////////////////
// Efinity Synthesis Started 
// Apr 24, 2024 18:25:06
///////////////////////////////////


///////////////////////////////////
// Efinity Synthesis Started 
// Apr 24, 2024 18:30:23
///////////////////////////////////


///////////////////////////////////
// Efinity Synthesis Started 
// Apr 25, 2024 13:09:34
///////////////////////////////////


///////////////////////////////////
// Efinity Synthesis Started 
// Apr 25, 2024 13:16:01
///////////////////////////////////


///////////////////////////////////
// Efinity Synthesis Started 
// Apr 25, 2024 14:08:31
///////////////////////////////////


///////////////////////////////////
// Efinity Synthesis Started 
// Apr 25, 2024 14:16:10
///////////////////////////////////


///////////////////////////////////
// Efinity Synthesis Started 
// Apr 25, 2024 14:51:25
///////////////////////////////////


///////////////////////////////////
// Efinity Synthesis Started 
// Apr 25, 2024 14:56:46
///////////////////////////////////


///////////////////////////////////
// Efinity Synthesis Started 
// Apr 25, 2024 15:18:26
///////////////////////////////////


///////////////////////////////////
// Efinity Synthesis Started 
// Apr 25, 2024 15:33:58
///////////////////////////////////


///////////////////////////////////
// Efinity Synthesis Started 
// Apr 25, 2024 15:39:07
///////////////////////////////////


///////////////////////////////////
// Efinity Synthesis Started 
// Apr 25, 2024 16:17:58
///////////////////////////////////


///////////////////////////////////
// Efinity Synthesis Started 
// Apr 25, 2024 16:22:40
///////////////////////////////////


///////////////////////////////////
// Efinity Synthesis Started 
// Apr 25, 2024 17:05:43
///////////////////////////////////


///////////////////////////////////
// Efinity Synthesis Started 
// Apr 25, 2024 17:10:37
///////////////////////////////////


///////////////////////////////////
// Efinity Synthesis Started 
// Apr 25, 2024 17:15:12
///////////////////////////////////


///////////////////////////////////
// Efinity Synthesis Started 
// Apr 26, 2024 10:07:54
///////////////////////////////////


///////////////////////////////////
// Efinity Synthesis Started 
// Apr 26, 2024 10:12:40
///////////////////////////////////


///////////////////////////////////
// Efinity Synthesis Started 
// Apr 26, 2024 11:01:33
///////////////////////////////////


///////////////////////////////////
// Efinity Synthesis Started 
// Apr 26, 2024 11:04:26
///////////////////////////////////


///////////////////////////////////
// Efinity Synthesis Started 
// Apr 26, 2024 12:16:09
///////////////////////////////////


///////////////////////////////////
// Efinity Synthesis Started 
// Apr 26, 2024 12:20:20
///////////////////////////////////


///////////////////////////////////
// Efinity Synthesis Started 
// Apr 27, 2024 10:41:14
///////////////////////////////////


///////////////////////////////////
// Efinity Synthesis Started 
// Apr 27, 2024 10:48:25
///////////////////////////////////

[EFX-0101 ERROR] RUSHC IOs mapping failed (illegal pre-synthesis of tri-state elements: pp/i208 output: la0_probe32[8]).

///////////////////////////////////
// Efinity Synthesis Started 
// Apr 27, 2024 10:52:42
///////////////////////////////////


///////////////////////////////////
// Efinity Synthesis Started 
// Apr 27, 2024 10:59:08
///////////////////////////////////

[EFX-0101 ERROR] RUSHC IOs mapping failed (illegal pre-synthesis of tri-state elements: pp/i208 output: la0_probe32[8]).

///////////////////////////////////
// Efinity Synthesis Started 
// Apr 27, 2024 11:02:54
///////////////////////////////////


///////////////////////////////////
// Efinity Synthesis Started 
// Apr 27, 2024 11:08:59
///////////////////////////////////


///////////////////////////////////
// Efinity Synthesis Started 
// Apr 29, 2024 14:59:32
///////////////////////////////////


///////////////////////////////////
// Efinity Synthesis Started 
// Apr 29, 2024 15:05:50
///////////////////////////////////


///////////////////////////////////
// Efinity Synthesis Started 
// Apr 29, 2024 15:08:57
///////////////////////////////////


///////////////////////////////////
// Efinity Synthesis Started 
// Apr 29, 2024 16:30:23
///////////////////////////////////


///////////////////////////////////
// Efinity Synthesis Started 
// Apr 29, 2024 16:33:22
///////////////////////////////////


///////////////////////////////////
// Efinity Synthesis Started 
// Apr 30, 2024 11:33:28
///////////////////////////////////


///////////////////////////////////
// Efinity Synthesis Started 
// Apr 30, 2024 11:34:39
///////////////////////////////////


///////////////////////////////////
// Efinity Synthesis Started 
// Apr 30, 2024 12:00:28
///////////////////////////////////


///////////////////////////////////
// Efinity Synthesis Started 
// Apr 30, 2024 12:01:37
///////////////////////////////////


///////////////////////////////////
// Efinity Synthesis Started 
// May 01, 2024 13:07:57
///////////////////////////////////


///////////////////////////////////
// Efinity Synthesis Started 
// May 01, 2024 13:11:15
///////////////////////////////////


///////////////////////////////////
// Efinity Synthesis Started 
// May 03, 2024 16:53:20
///////////////////////////////////


///////////////////////////////////
// Efinity Synthesis Started 
// May 03, 2024 16:59:31
///////////////////////////////////


///////////////////////////////////
// Efinity Synthesis Started 
// May 03, 2024 17:18:46
///////////////////////////////////


///////////////////////////////////
// Efinity Synthesis Started 
// May 03, 2024 17:23:51
///////////////////////////////////


///////////////////////////////////
// Efinity Synthesis Started 
// May 03, 2024 18:36:42
///////////////////////////////////


///////////////////////////////////
// Efinity Synthesis Started 
// May 03, 2024 18:37:26
///////////////////////////////////


///////////////////////////////////
// Efinity Synthesis Started 
// May 04, 2024 11:11:33
///////////////////////////////////


///////////////////////////////////
// Efinity Synthesis Started 
// May 04, 2024 11:12:18
///////////////////////////////////


///////////////////////////////////
// Efinity Synthesis Started 
// May 04, 2024 15:59:00
///////////////////////////////////


///////////////////////////////////
// Efinity Synthesis Started 
// May 04, 2024 16:02:25
///////////////////////////////////


///////////////////////////////////
// Efinity Synthesis Started 
// May 04, 2024 16:27:09
///////////////////////////////////


///////////////////////////////////
// Efinity Synthesis Started 
// May 04, 2024 16:29:17
///////////////////////////////////


///////////////////////////////////
// Efinity Synthesis Started 
// May 04, 2024 17:22:48
///////////////////////////////////


///////////////////////////////////
// Efinity Synthesis Started 
// May 04, 2024 17:24:40
///////////////////////////////////

